<?xml version="1.0" encoding="UTF-8"?>
<!-- Generated by org.testng.reporters.JUnitReportReporter -->
<testsuite skipped="0" hostname="DESKTOP-LD72JHT" name="Requestdemo.PostDatareq" tests="1" failures="0" timestamp="16 Feb 2022 12:03:15 GMT" time="2.786" errors="0">
  <testcase name="Create" time="2.786" classname="Requestdemo.PostDatareq"/>
</testsuite> <!-- Requestdemo.PostDatareq -->
