<?xml version="1.0" encoding="UTF-8"?>
<!-- Generated by org.testng.reporters.JUnitReportReporter -->
<testsuite skipped="0" hostname="DESKTOP-LD72JHT" name="Requestdemo.CreateCustomer" tests="1" failures="0" timestamp="16 Feb 2022 11:51:48 GMT" time="3.196" errors="0">
  <testcase name="validatedata" time="3.196" classname="Requestdemo.CreateCustomer"/>
</testsuite> <!-- Requestdemo.CreateCustomer -->
