<?xml version="1.0" encoding="UTF-8"?>
<!-- Generated by org.testng.reporters.JUnitReportReporter -->
<testsuite skipped="0" hostname="DESKTOP-LD72JHT" name="Requestdemo.GetData" tests="1" failures="0" timestamp="16 Feb 2022 11:36:01 GMT" time="2.354" errors="0">
  <testcase name="GetRequest" time="2.354" classname="Requestdemo.GetData"/>
</testsuite> <!-- Requestdemo.GetData -->
